Build started 12/21/2016 11:10:56 AM.
     1>Project "C:\Users\beckdeana\Desktop\try it out\try it out\try it out.vcxproj" on node 2 (build target(s)).
     1>InitializeBuildStatus:
         Touching "Debug\try it out.unsuccessfulbuild".
       ClCompile:
         C:\Program Files (x86)\Microsoft Visual Studio 10.0\VC\bin\CL.exe /c /ZI /nologo /W3 /WX- /Od /Oy- /D WIN32 /D _DEBUG /D _CONSOLE /D _UNICODE /D UNICODE /Gm /EHsc /RTC1 /MDd /GS /fp:precise /Zc:wchar_t /Zc:forScope /Fo"Debug\\" /Fd"Debug\vc100.pdb" /Gd /TP /analyze- /errorReport:prompt "try it out.cpp"
         try it out.cpp
     1>c:\users\beckdeana\desktop\try it out\try it out\try it out.cpp(43): warning C4018: '<' : signed/unsigned mismatch
       ManifestResourceCompile:
         All outputs are up-to-date.
       Link:
         C:\Program Files (x86)\Microsoft Visual Studio 10.0\VC\bin\link.exe /ERRORREPORT:PROMPT /OUT:"C:\Users\beckdeana\Desktop\try it out\Debug\try it out.exe" /INCREMENTAL /NOLOGO kernel32.lib user32.lib gdi32.lib winspool.lib comdlg32.lib advapi32.lib shell32.lib ole32.lib oleaut32.lib uuid.lib odbc32.lib odbccp32.lib /MANIFEST /ManifestFile:"Debug\try it out.exe.intermediate.manifest" /MANIFESTUAC:"level='asInvoker' uiAccess='false'" /DEBUG /PDB:"C:\Users\beckdeana\Desktop\try it out\Debug\try it out.pdb" /SUBSYSTEM:CONSOLE /TLBID:1 /DYNAMICBASE /NXCOMPAT /IMPLIB:"C:\Users\beckdeana\Desktop\try it out\Debug\try it out.lib" /MACHINE:X86 "Debug\try it out.exe.embed.manifest.res"
         "Debug\try it out.obj"
       Manifest:
         C:\Program Files (x86)\Microsoft SDKs\Windows\v7.0A\bin\mt.exe /nologo /verbose /out:"Debug\try it out.exe.embed.manifest" /manifest "Debug\try it out.exe.intermediate.manifest"
         All outputs are up-to-date.
       LinkEmbedManifest:
         All outputs are up-to-date.
         try it out.vcxproj -> C:\Users\beckdeana\Desktop\try it out\Debug\try it out.exe
       FinalizeBuildStatus:
         Deleting file "Debug\try it out.unsuccessfulbuild".
         Touching "Debug\try it out.lastbuildstate".
     1>Done Building Project "C:\Users\beckdeana\Desktop\try it out\try it out\try it out.vcxproj" (build target(s)).

Build succeeded.

Time Elapsed 00:00:00.78
